<?xml version="1.0" encoding="UTF-8"?>
<testsuite name="com.gorest.cucumber.CucumberRunner" time="0.267" tests="28" errors="0" skipped="0" failures="0">
  <properties>
[...]
</properties>
  <testcase name="Given Gorest application is running" classname="| Kiran | kiran1@gmail.com | Female | Active |" time="0"/>
  <testcase name="When When I create a new user by providing the information name &quot;Kiran&quot; email &quot;kiran1@gmail.com&quot; gender &quot;Female&quot; status &quot;Active&quot;token&quot;&lt;token&gt;&quot;" classname="| Kiran | kiran1@gmail.com | Female | Active |" time="0"/>
  <testcase name="Then I verify that the user with &quot;Kiran&quot; is created" classname="| Kiran | kiran1@gmail.com | Female | Active |" time="0"/>
  <testcase name="And I update the user with information name &quot;Kiran&quot; email &quot;kiran1@gmail.com&quot; gender &quot;Female&quot; status &quot;Active&quot;" classname="| Kiran | kiran1@gmail.com | Female | Active |" time="0"/>
  <testcase name="And The user is updated successfully" classname="| Kiran | kiran1@gmail.com | Female | Active |" time="0"/>
  <testcase name="And I delete the user with userId" classname="| Kiran | kiran1@gmail.com | Female | Active |" time="0"/>
  <testcase name="Then The user deleted successfully from the application" classname="| Kiran | kiran1@gmail.com | Female | Active |" time="0"/>
  <testcase name="| Kiran | kiran1@gmail.com | Female | Active |" classname="| Kiran | kiran1@gmail.com | Female | Active |" time="0.002"/>
  <testcase name="Given Gorest application is running" classname="| Kumar | kumar1@gmail.com | Male | Active |" time="0"/>
  <testcase name="When When I create a new user by providing the information name &quot;Kumar&quot; email &quot;kumar1@gmail.com&quot; gender &quot;Male&quot; status &quot;Active&quot;token&quot;&lt;token&gt;&quot;" classname="| Kumar | kumar1@gmail.com | Male | Active |" time="0"/>
  <testcase name="Then I verify that the user with &quot;Kumar&quot; is created" classname="| Kumar | kumar1@gmail.com | Male | Active |" time="0"/>
  <testcase name="And I update the user with information name &quot;Kumar&quot; email &quot;kumar1@gmail.com&quot; gender &quot;Male&quot; status &quot;Active&quot;" classname="| Kumar | kumar1@gmail.com | Male | Active |" time="0"/>
  <testcase name="And The user is updated successfully" classname="| Kumar | kumar1@gmail.com | Male | Active |" time="0"/>
  <testcase name="And I delete the user with userId" classname="| Kumar | kumar1@gmail.com | Male | Active |" time="0"/>
  <testcase name="Then The user deleted successfully from the application" classname="| Kumar | kumar1@gmail.com | Male | Active |" time="0"/>
  <testcase name="| Kumar | kumar1@gmail.com | Male | Active |" classname="| Kumar | kumar1@gmail.com | Male | Active |" time="0.127"/>
  <testcase name="When User sends a GET request to userID endpoint" classname="Scenario: Check if the gorest application can be accessed by User" time="0"/>
  <testcase name="Then User must get back a valid status code 200" classname="Scenario: Check if the gorest application can be accessed by User" time="0"/>
  <testcase name="Scenario: Check if the gorest application can be accessed by User" classname="Scenario: Check if the gorest application can be accessed by User" time="0.034"/>
  <testcase name="When I create new user by providing the information" classname="Scenario: verify if user is created in gorest application" time="0"/>
  <testcase name="Then I must get a valid status code 201" classname="Scenario: verify if user is created in gorest application" time="0"/>
  <testcase name="Scenario: verify if user is created in gorest application" classname="Scenario: verify if user is created in gorest application" time="0.037"/>
  <testcase name="When I update new user by providing the information" classname="Scenario: verify if user is updated in gorest application" time="0"/>
  <testcase name="Then I must get back a valid status code 200" classname="Scenario: verify if user is updated in gorest application" time="0"/>
  <testcase name="Scenario: verify if user is updated in gorest application" classname="Scenario: verify if user is updated in gorest application" time="0.03"/>
  <testcase name="When I delete a DELETE request by providing information" classname="Scenario: verify if user is Deleted in gorest application" time="0"/>
  <testcase name="Then I verify that the status code 204" classname="Scenario: verify if user is Deleted in gorest application" time="0"/>
  <testcase name="Scenario: verify if user is Deleted in gorest application" classname="Scenario: verify if user is Deleted in gorest application" time="0.037"/>
</testsuite>