<?xml version="1.0" encoding="UTF-8"?><testsuite errors="0" failures="0" name="Testing different request on the gorest application" skipped="0" tests="4" time="3.06" timestamp="2023-01-09T20:51:50.263Z[Europe/London]"><testcase name="Check if the gorest application can be accessed by User"/><testcase name="verify if user is created in gorest application"/><testcase name="verify if user is updated in gorest application"/><testcase name="verify if user is Deleted in gorest application"/></testsuite>